f:\perso\programmation\perso\cpp\pexelswallpapers_ui\pexelswallpapers_ui\release\vc141.pdb
f:\perso\programmation\perso\cpp\pexelswallpapers_ui\pexelswallpapers_ui\release\source.obj
f:\perso\programmation\perso\cpp\pexelswallpapers_ui\pexelswallpapers_ui\release\myform.obj
f:\perso\programmation\perso\cpp\pexelswallpapers_ui\pexelswallpapers_ui\release\.netframework,version=v4.6.1.assemblyattributes.obj
f:\perso\programmation\perso\cpp\pexelswallpapers_ui\pexelswallpapers_ui\release\.netframework,version=v4.6.1.assemblyattributes.asm
f:\perso\programmation\perso\cpp\pexelswallpapers_ui\release\pexelswallpapers.exe
f:\perso\programmation\perso\cpp\pexelswallpapers_ui\release\pexelswallpapers.pdb
f:\perso\programmation\perso\cpp\pexelswallpapers_ui\pexelswallpapers_ui\release\pexelswallpapers_ui.myform.resources
f:\perso\programmation\perso\cpp\pexelswallpapers_ui\pexelswallpapers_ui\release\resource.res
f:\perso\programmation\perso\cpp\pexelswallpapers_ui\pexelswallpapers_ui\release\pexelswallpapers_ui.vcxproj.generateresource.cache
f:\perso\programmation\perso\cpp\pexelswallpapers_ui\pexelswallpapers_ui\release\pexelswallpapers_ui.vcxprojresolveassemblyreference.cache
f:\perso\programmation\perso\cpp\pexelswallpapers_ui\pexelswallpapers_ui\release\pexelswa.cbfce222.tlog\cl.command.1.tlog
f:\perso\programmation\perso\cpp\pexelswallpapers_ui\pexelswallpapers_ui\release\pexelswa.cbfce222.tlog\cl.read.1.tlog
f:\perso\programmation\perso\cpp\pexelswallpapers_ui\pexelswallpapers_ui\release\pexelswa.cbfce222.tlog\cl.write.1.tlog
f:\perso\programmation\perso\cpp\pexelswallpapers_ui\pexelswallpapers_ui\release\pexelswa.cbfce222.tlog\link.command.1.tlog
f:\perso\programmation\perso\cpp\pexelswallpapers_ui\pexelswallpapers_ui\release\pexelswa.cbfce222.tlog\link.read.1.tlog
f:\perso\programmation\perso\cpp\pexelswallpapers_ui\pexelswallpapers_ui\release\pexelswa.cbfce222.tlog\link.write.1.tlog
f:\perso\programmation\perso\cpp\pexelswallpapers_ui\pexelswallpapers_ui\release\pexelswa.cbfce222.tlog\metagen.read.1.tlog
f:\perso\programmation\perso\cpp\pexelswallpapers_ui\pexelswallpapers_ui\release\pexelswa.cbfce222.tlog\metagen.write.1.tlog
f:\perso\programmation\perso\cpp\pexelswallpapers_ui\pexelswallpapers_ui\release\pexelswa.cbfce222.tlog\pexelswallpapers_ui.write.1u.tlog
f:\perso\programmation\perso\cpp\pexelswallpapers_ui\pexelswallpapers_ui\release\pexelswa.cbfce222.tlog\rc.command.1.tlog
f:\perso\programmation\perso\cpp\pexelswallpapers_ui\pexelswallpapers_ui\release\pexelswa.cbfce222.tlog\rc.read.1.tlog
f:\perso\programmation\perso\cpp\pexelswallpapers_ui\pexelswallpapers_ui\release\pexelswa.cbfce222.tlog\rc.write.1.tlog
f:\perso\programmation\perso\cpp\pexelswallpapers_ui\pexelswallpapers_ui\release\pexelswa.cbfce222.tlog\kernelbase.dll.bi
f:\perso\programmation\perso\cpp\pexelswallpapers_ui\pexelswallpapers_ui\release\pexelswa.cbfce222.tlog\ntdll.dll.bi
f:\perso\programmation\perso\cpp\pexelswallpapers_ui\pexelswallpapers_ui\release\pexelswa.cbfce222.tlog\tzres.dll.bi
