  nonblock.c
  strtoofft.c
  warnless.c
  slist_wc.c
  tool_binmode.c
  tool_bname.c
  tool_cb_dbg.c
  tool_cb_hdr.c
  tool_cb_prg.c
  tool_cb_rea.c
  tool_cb_see.c
  tool_cb_wrt.c
  tool_cfgable.c
  tool_convert.c
  tool_dirhie.c
  tool_doswin.c
  tool_easysrc.c
  tool_formparse.c
  tool_getparam.c
  tool_getpass.c
  Génération de code en cours...
  Compilation en cours...
  tool_help.c
  tool_helpers.c
  tool_homedir.c
  tool_hugehelp.c
  tool_libinfo.c
  tool_main.c
  tool_metalink.c
  tool_mfiles.c
  tool_msgs.c
  tool_operate.c
  tool_operhlp.c
  tool_panykey.c
  tool_paramhlp.c
  tool_parsecfg.c
  tool_setopt.c
  tool_sleep.c
  tool_strdup.c
  tool_urlglob.c
  tool_util.c
  tool_vms.c
  Génération de code en cours...
  Compilation en cours...
  tool_writeout.c
  tool_xattr.c
  Génération de code en cours...
  curl.vcxproj -> F:\Perso\Programmation\Perso\Cpp\PexelsWallpaper\curl-7.54.1\projects\Windows\VC14\src\..\..\..\..\build\Win32\VC14\LIB Release\curl.exe
